
> web@0.1.0 build
> next build

⚠ Warning: Next.js inferred your workspace root, but it may not be correct.
 We detected multiple lockfiles and selected the directory of C:\Users\pcp\Desktop\netbots website\package-lock.json as the root directory.
 To silence this warning, set `turbopack.root` in your Next.js config, or consider removing one of the lockfiles if it's not needed.
   See https://nextjs.org/docs/app/api-reference/config/next-config-js/turbopack#root-directory for more information.
 Detected additional lockfiles: 
   * C:\Users\pcp\Desktop\netbots website\apps\web\package-lock.json

▲ Next.js 16.2.10 (Turbopack)

  Creating an optimized production build ...
✓ Compiled successfully in 22.8s
  Running TypeScript ...
Failed to type check.

./src/app/api/lead/route.ts:1:10
Type error: '"next"' has no exported member named 'NextResponse'. Did you mean 'NextApiResponse'?

[31m[1m>[0m [90m1 |[0m [36mimport[0m { [33mNextResponse[0m } [36mfrom[0m [32m'next'[0m;
  [90m  |[0m          [31m[1m^[0m
  [90m2 |[0m
  [90m3 |[0m [90m// Simple in-memory rate limiter for Phase 1[0m
  [90m4 |[0m [36mconst[0m rateLimit = [36mnew[0m [33mMap[0m<string, { count: number; timestamp: number }>();
Next.js build worker exited with code: 1 and signal: null
npm error Lifecycle script `build` failed with error:
npm error code 1
npm error path C:\Users\pcp\Desktop\netbots website\apps\web
npm error workspace web@0.1.0
npm error location C:\Users\pcp\Desktop\netbots website\apps\web
npm error command failed
npm error command C:\Windows\system32\cmd.exe /d /s /c next build
